<?xml version="1.0" encoding="UTF-8"?>
<testng-results ignored="0" total="1" passed="1" failed="0" skipped="0">
  <reporter-output>
  </reporter-output>
  <suite started-at="2026-04-28T13:20:42 IST" name="Default suite" finished-at="2026-04-28T13:21:22 IST" duration-ms="39226">
    <groups>
    </groups>
    <test started-at="2026-04-28T13:20:42 IST" name="Default test" finished-at="2026-04-28T13:21:22 IST" duration-ms="39226">
      <class name="Payment_Project.paymentConnect">
        <test-method is-config="true" signature="setup()[pri:0, instance:Payment_Project.paymentConnect@27406a17]" started-at="2026-04-28T13:20:42 IST" name="setup" finished-at="2026-04-28T13:20:51 IST" duration-ms="8551" status="PASS">
          <reporter-output>
          </reporter-output>
        </test-method> <!-- setup -->
        <test-method signature="PaymentFlowTest()[pri:0, instance:Payment_Project.paymentConnect@27406a17]" started-at="2026-04-28T13:20:51 IST" name="PaymentFlowTest" finished-at="2026-04-28T13:21:22 IST" duration-ms="30588" status="PASS">
          <reporter-output>
          </reporter-output>
        </test-method> <!-- PaymentFlowTest -->
        <test-method is-config="true" signature="close()[pri:0, instance:Payment_Project.paymentConnect@27406a17]" started-at="2026-04-28T13:21:22 IST" name="close" finished-at="2026-04-28T13:21:22 IST" duration-ms="2" status="PASS">
          <reporter-output>
          </reporter-output>
        </test-method> <!-- close -->
      </class> <!-- Payment_Project.paymentConnect -->
    </test> <!-- Default test -->
  </suite> <!-- Default suite -->
</testng-results>
