<?xml version="1.0" encoding="UTF-8"?>
<testng-results ignored="0" total="1" passed="1" failed="0" skipped="0">
  <reporter-output>
  </reporter-output>
  <suite started-at="2026-04-28T12:49:11 IST" name="Default suite" finished-at="2026-04-28T12:49:34 IST" duration-ms="23258">
    <groups>
    </groups>
    <test started-at="2026-04-28T12:49:11 IST" name="Default test" finished-at="2026-04-28T12:49:34 IST" duration-ms="23258">
      <class name="Agile_Project.agileConnect">
        <test-method is-config="true" signature="setup()[pri:0, instance:Agile_Project.agileConnect@76b1e9b8]" started-at="2026-04-28T12:49:11 IST" name="setup" finished-at="2026-04-28T12:49:23 IST" duration-ms="12233" status="PASS">
          <reporter-output>
          </reporter-output>
        </test-method> <!-- setup -->
        <test-method signature="agileFlowTest()[pri:0, instance:Agile_Project.agileConnect@76b1e9b8]" started-at="2026-04-28T12:49:23 IST" name="agileFlowTest" finished-at="2026-04-28T12:49:34 IST" duration-ms="10817" status="PASS">
          <reporter-output>
          </reporter-output>
        </test-method> <!-- agileFlowTest -->
        <test-method is-config="true" signature="close()[pri:0, instance:Agile_Project.agileConnect@76b1e9b8]" started-at="2026-04-28T12:49:34 IST" name="close" finished-at="2026-04-28T12:49:34 IST" duration-ms="0" status="PASS">
          <reporter-output>
          </reporter-output>
        </test-method> <!-- close -->
      </class> <!-- Agile_Project.agileConnect -->
    </test> <!-- Default test -->
  </suite> <!-- Default suite -->
</testng-results>
